\BOOKMARK [0][-]{chapter.1}{INTRODUCCI\323N}{}% 1
\BOOKMARK [1][-]{section.1.1}{Antecedentes}{chapter.1}% 2
\BOOKMARK [1][-]{section.1.2}{Planteamiento del problema}{chapter.1}% 3
\BOOKMARK [1][-]{section.1.3}{Objetivos}{chapter.1}% 4
\BOOKMARK [1][-]{section.1.4}{Hip\363tesis}{chapter.1}% 5
\BOOKMARK [1][-]{section.1.5}{Justificaci\363n}{chapter.1}% 6
\BOOKMARK [1][-]{section.1.6}{Delimitaciones}{chapter.1}% 7
\BOOKMARK [1][-]{section.1.7}{Limitaciones}{chapter.1}% 8
\BOOKMARK [0][-]{chapter.2}{MARCO TE\323RICO}{}% 9
\BOOKMARK [0][-]{chapter.3}{M\311TODO}{}% 10
\BOOKMARK [1][-]{section.3.1}{Sujeto}{chapter.3}% 11
\BOOKMARK [1][-]{section.3.2}{Procedimiento}{chapter.3}% 12
\BOOKMARK [2][-]{subsection.3.2.1}{Identificaci\363n del problema e investigaci\363n}{section.3.2}% 13
\BOOKMARK [2][-]{subsection.3.2.2}{Determinaci\363n de los requerimientos y alcances del proyecto}{section.3.2}% 14
\BOOKMARK [2][-]{subsection.3.2.3}{Programaci\363n en MATLAB de algoritmos de convoluci\363n}{section.3.2}% 15
\BOOKMARK [2][-]{subsection.3.2.4}{Desarrollo de la arquitectura mediante herramientas de software}{section.3.2}% 16
\BOOKMARK [2][-]{subsection.3.2.5}{Implementaci\363n a nivel de hardware}{section.3.2}% 17
\BOOKMARK [2][-]{subsection.3.2.6}{Documentaci\363n}{section.3.2}% 18
\BOOKMARK [1][-]{section.3.3}{Materiales y Herramientas}{chapter.3}% 19
\BOOKMARK [0][-]{chapter.4}{DESARROLLO}{}% 20
\BOOKMARK [0][-]{chapter.5}{RESULTADOS}{}% 21
\BOOKMARK [0][-]{chapter.6}{CONCLUSIONES}{}% 22
\BOOKMARK [0][-]{chapter.6}{BIBLIOGRAF\315A}{}% 23
\BOOKMARK [0][-]{appendix.Alph1}{Quanser IP02}{}% 24
